{"/home/dart-racoon/Documents/GitHub/nodejs-homework-rest-api/app.js": {"path":"/home/dart-racoon/Documents/GitHub/nodejs-homework-rest-api/app.js","statementMap":{"0":{"start":{"line":1,"column":16},"end":{"line":1,"column":34}},"1":{"start":{"line":2,"column":15},"end":{"line":2,"column":32}},"2":{"start":{"line":3,"column":13},"end":{"line":3,"column":28}},"3":{"start":{"line":4,"column":15},"end":{"line":4,"column":32}},"4":{"start":{"line":6,"column":20},"end":{"line":6,"column":49}},"5":{"start":{"line":7,"column":23},"end":{"line":7,"column":55}},"6":{"start":{"line":9,"column":12},"end":{"line":9,"column":21}},"7":{"start":{"line":11,"column":22},"end":{"line":11,"column":72}},"8":{"start":{"line":13,"column":0},"end":{"line":13,"column":34}},"9":{"start":{"line":15,"column":0},"end":{"line":15,"column":18}},"10":{"start":{"line":17,"column":0},"end":{"line":17,"column":31}},"11":{"start":{"line":18,"column":0},"end":{"line":18,"column":16}},"12":{"start":{"line":19,"column":0},"end":{"line":19,"column":24}},"13":{"start":{"line":21,"column":0},"end":{"line":21,"column":35}},"14":{"start":{"line":22,"column":0},"end":{"line":22,"column":41}},"15":{"start":{"line":24,"column":0},"end":{"line":26,"column":3}},"16":{"start":{"line":25,"column":2},"end":{"line":25,"column":77}},"17":{"start":{"line":28,"column":0},"end":{"line":40,"column":3}},"18":{"start":{"line":29,"column":2},"end":{"line":35,"column":3}},"19":{"start":{"line":30,"column":4},"end":{"line":34,"column":7}},"20":{"start":{"line":37,"column":2},"end":{"line":37,"column":24}},"21":{"start":{"line":39,"column":2},"end":{"line":39,"column":77}},"22":{"start":{"line":42,"column":0},"end":{"line":42,"column":21}}},"fnMap":{"0":{"name":"(anonymous_0)","decl":{"start":{"line":24,"column":8},"end":{"line":24,"column":9}},"loc":{"start":{"line":24,"column":23},"end":{"line":26,"column":1}},"line":24},"1":{"name":"(anonymous_1)","decl":{"start":{"line":28,"column":8},"end":{"line":28,"column":9}},"loc":{"start":{"line":28,"column":35},"end":{"line":40,"column":1}},"line":28}},"branchMap":{"0":{"loc":{"start":{"line":11,"column":22},"end":{"line":11,"column":72}},"type":"cond-expr","locations":[{"start":{"line":11,"column":57},"end":{"line":11,"column":62}},{"start":{"line":11,"column":65},"end":{"line":11,"column":72}}],"line":11},"1":{"loc":{"start":{"line":29,"column":2},"end":{"line":35,"column":3}},"type":"if","locations":[{"start":{"line":29,"column":2},"end":{"line":35,"column":3}},{"start":{},"end":{}}],"line":29}},"s":{"0":1,"1":1,"2":1,"3":1,"4":1,"5":1,"6":1,"7":1,"8":1,"9":1,"10":1,"11":1,"12":1,"13":1,"14":1,"15":1,"16":0,"17":1,"18":0,"19":0,"20":0,"21":0,"22":1},"f":{"0":0,"1":0},"b":{"0":[0,1],"1":[0,0]},"_coverageSchema":"1a1c01bbd47fc00a2c39e90264f33305004495a9","hash":"7d3f4bb65924d71cf817adbd11b5b9838967d04a"}
,"/home/dart-racoon/Documents/GitHub/nodejs-homework-rest-api/jest.config.js": {"path":"/home/dart-racoon/Documents/GitHub/nodejs-homework-rest-api/jest.config.js","statementMap":{"0":{"start":{"line":1,"column":0},"end":{"line":3,"column":2}}},"fnMap":{},"branchMap":{},"s":{"0":1},"f":{},"b":{},"_coverageSchema":"1a1c01bbd47fc00a2c39e90264f33305004495a9","hash":"f9b9dcda9337812b864f94e5e3128518e39b4bc5"}
,"/home/dart-racoon/Documents/GitHub/nodejs-homework-rest-api/config/constants.js": {"path":"/home/dart-racoon/Documents/GitHub/nodejs-homework-rest-api/config/constants.js","statementMap":{"0":{"start":{"line":1,"column":17},"end":{"line":12,"column":1}},"1":{"start":{"line":14,"column":0},"end":{"line":14,"column":30}}},"fnMap":{},"branchMap":{},"s":{"0":2,"1":2},"f":{},"b":{},"_coverageSchema":"1a1c01bbd47fc00a2c39e90264f33305004495a9","hash":"2252c93f2c824bd68472dcfce01af193d45e4efa"}
,"/home/dart-racoon/Documents/GitHub/nodejs-homework-rest-api/config/db.js": {"path":"/home/dart-racoon/Documents/GitHub/nodejs-homework-rest-api/config/db.js","statementMap":{"0":{"start":{"line":1,"column":17},"end":{"line":1,"column":36}},"1":{"start":{"line":2,"column":0},"end":{"line":2,"column":27}},"2":{"start":{"line":6,"column":0},"end":{"line":10,"column":1}},"3":{"start":{"line":7,"column":2},"end":{"line":7,"column":35}},"4":{"start":{"line":9,"column":2},"end":{"line":9,"column":30}},"5":{"start":{"line":12,"column":11},"end":{"line":15,"column":2}},"6":{"start":{"line":17,"column":0},"end":{"line":19,"column":3}},"7":{"start":{"line":18,"column":2},"end":{"line":18,"column":48}},"8":{"start":{"line":21,"column":0},"end":{"line":23,"column":3}},"9":{"start":{"line":22,"column":2},"end":{"line":22,"column":59}},"10":{"start":{"line":25,"column":0},"end":{"line":29,"column":3}},"11":{"start":{"line":26,"column":2},"end":{"line":26,"column":36}},"12":{"start":{"line":27,"column":2},"end":{"line":27,"column":41}},"13":{"start":{"line":28,"column":2},"end":{"line":28,"column":17}},"14":{"start":{"line":31,"column":0},"end":{"line":31,"column":20}}},"fnMap":{"0":{"name":"(anonymous_0)","decl":{"start":{"line":17,"column":36},"end":{"line":17,"column":37}},"loc":{"start":{"line":17,"column":42},"end":{"line":19,"column":1}},"line":17},"1":{"name":"(anonymous_1)","decl":{"start":{"line":21,"column":32},"end":{"line":21,"column":33}},"loc":{"start":{"line":21,"column":41},"end":{"line":23,"column":1}},"line":21},"2":{"name":"(anonymous_2)","decl":{"start":{"line":25,"column":21},"end":{"line":25,"column":22}},"loc":{"start":{"line":25,"column":33},"end":{"line":29,"column":1}},"line":25}},"branchMap":{"0":{"loc":{"start":{"line":6,"column":0},"end":{"line":10,"column":1}},"type":"if","locations":[{"start":{"line":6,"column":0},"end":{"line":10,"column":1}},{"start":{"line":8,"column":7},"end":{"line":10,"column":1}}],"line":6}},"s":{"0":1,"1":1,"2":1,"3":1,"4":0,"5":1,"6":1,"7":1,"8":1,"9":0,"10":1,"11":0,"12":0,"13":0,"14":1},"f":{"0":1,"1":0,"2":0},"b":{"0":[1,0]},"_coverageSchema":"1a1c01bbd47fc00a2c39e90264f33305004495a9","hash":"f2e9b95e63121cc5e0b184d79f70e34b57f3cf2d"}
,"/home/dart-racoon/Documents/GitHub/nodejs-homework-rest-api/config/passport.js": {"path":"/home/dart-racoon/Documents/GitHub/nodejs-homework-rest-api/config/passport.js","statementMap":{"0":{"start":{"line":1,"column":17},"end":{"line":1,"column":36}},"1":{"start":{"line":2,"column":33},"end":{"line":2,"column":56}},"2":{"start":{"line":3,"column":21},"end":{"line":3,"column":52}},"3":{"start":{"line":4,"column":0},"end":{"line":4,"column":27}},"4":{"start":{"line":6,"column":15},"end":{"line":9,"column":1}},"5":{"start":{"line":11,"column":0},"end":{"line":29,"column":2}},"6":{"start":{"line":13,"column":4},"end":{"line":27,"column":5}},"7":{"start":{"line":14,"column":19},"end":{"line":14,"column":45}},"8":{"start":{"line":16,"column":6},"end":{"line":18,"column":7}},"9":{"start":{"line":17,"column":8},"end":{"line":17,"column":49}},"10":{"start":{"line":20,"column":6},"end":{"line":22,"column":7}},"11":{"start":{"line":21,"column":8},"end":{"line":21,"column":33}},"12":{"start":{"line":24,"column":6},"end":{"line":24,"column":30}},"13":{"start":{"line":26,"column":6},"end":{"line":26,"column":32}}},"fnMap":{"0":{"name":"(anonymous_0)","decl":{"start":{"line":12,"column":23},"end":{"line":12,"column":24}},"loc":{"start":{"line":12,"column":48},"end":{"line":28,"column":3}},"line":12}},"branchMap":{"0":{"loc":{"start":{"line":16,"column":6},"end":{"line":18,"column":7}},"type":"if","locations":[{"start":{"line":16,"column":6},"end":{"line":18,"column":7}},{"start":{},"end":{}}],"line":16},"1":{"loc":{"start":{"line":20,"column":6},"end":{"line":22,"column":7}},"type":"if","locations":[{"start":{"line":20,"column":6},"end":{"line":22,"column":7}},{"start":{},"end":{}}],"line":20}},"s":{"0":2,"1":2,"2":2,"3":2,"4":2,"5":2,"6":1,"7":1,"8":1,"9":0,"10":1,"11":0,"12":1,"13":0},"f":{"0":1},"b":{"0":[0,1],"1":[0,1]},"_coverageSchema":"1a1c01bbd47fc00a2c39e90264f33305004495a9","hash":"2f9ad215a275b1ba773745c6ee8353b16932320a"}
,"/home/dart-racoon/Documents/GitHub/nodejs-homework-rest-api/helpers/guard.js": {"path":"/home/dart-racoon/Documents/GitHub/nodejs-homework-rest-api/helpers/guard.js","statementMap":{"0":{"start":{"line":1,"column":17},"end":{"line":1,"column":36}},"1":{"start":{"line":2,"column":0},"end":{"line":2,"column":30}},"2":{"start":{"line":3,"column":21},"end":{"line":3,"column":51}},"3":{"start":{"line":5,"column":14},"end":{"line":21,"column":1}},"4":{"start":{"line":6,"column":2},"end":{"line":20,"column":21}},"5":{"start":{"line":7,"column":18},"end":{"line":7,"column":57}},"6":{"start":{"line":9,"column":4},"end":{"line":15,"column":5}},"7":{"start":{"line":10,"column":6},"end":{"line":14,"column":9}},"8":{"start":{"line":17,"column":4},"end":{"line":17,"column":20}},"9":{"start":{"line":19,"column":4},"end":{"line":19,"column":18}},"10":{"start":{"line":23,"column":0},"end":{"line":23,"column":23}}},"fnMap":{"0":{"name":"(anonymous_0)","decl":{"start":{"line":5,"column":14},"end":{"line":5,"column":15}},"loc":{"start":{"line":5,"column":34},"end":{"line":21,"column":1}},"line":5},"1":{"name":"(anonymous_1)","decl":{"start":{"line":6,"column":51},"end":{"line":6,"column":52}},"loc":{"start":{"line":6,"column":66},"end":{"line":20,"column":3}},"line":6}},"branchMap":{"0":{"loc":{"start":{"line":9,"column":4},"end":{"line":15,"column":5}},"type":"if","locations":[{"start":{"line":9,"column":4},"end":{"line":15,"column":5}},{"start":{},"end":{}}],"line":9},"1":{"loc":{"start":{"line":9,"column":8},"end":{"line":9,"column":44}},"type":"binary-expr","locations":[{"start":{"line":9,"column":8},"end":{"line":9,"column":13}},{"start":{"line":9,"column":17},"end":{"line":9,"column":20}},{"start":{"line":9,"column":24},"end":{"line":9,"column":44}}],"line":9}},"s":{"0":2,"1":2,"2":2,"3":2,"4":4,"5":4,"6":4,"7":2,"8":2,"9":2,"10":2},"f":{"0":4,"1":4},"b":{"0":[2,2],"1":[4,3,3]},"_coverageSchema":"1a1c01bbd47fc00a2c39e90264f33305004495a9","hash":"12b02f8e30955c77f059738d3d884a91764ffa5f"}
,"/home/dart-racoon/Documents/GitHub/nodejs-homework-rest-api/helpers/uploads.js": {"path":"/home/dart-racoon/Documents/GitHub/nodejs-homework-rest-api/helpers/uploads.js","statementMap":{"0":{"start":{"line":1,"column":15},"end":{"line":1,"column":32}},"1":{"start":{"line":3,"column":16},"end":{"line":10,"column":2}},"2":{"start":{"line":5,"column":4},"end":{"line":5,"column":28}},"3":{"start":{"line":8,"column":4},"end":{"line":8,"column":62}},"4":{"start":{"line":12,"column":15},"end":{"line":22,"column":2}},"5":{"start":{"line":16,"column":4},"end":{"line":18,"column":5}},"6":{"start":{"line":17,"column":6},"end":{"line":17,"column":28}},"7":{"start":{"line":20,"column":4},"end":{"line":20,"column":46}},"8":{"start":{"line":24,"column":0},"end":{"line":24,"column":24}}},"fnMap":{"0":{"name":"(anonymous_0)","decl":{"start":{"line":4,"column":15},"end":{"line":4,"column":16}},"loc":{"start":{"line":4,"column":40},"end":{"line":6,"column":3}},"line":4},"1":{"name":"(anonymous_1)","decl":{"start":{"line":7,"column":12},"end":{"line":7,"column":13}},"loc":{"start":{"line":7,"column":37},"end":{"line":9,"column":3}},"line":7},"2":{"name":"(anonymous_2)","decl":{"start":{"line":15,"column":14},"end":{"line":15,"column":15}},"loc":{"start":{"line":15,"column":33},"end":{"line":21,"column":3}},"line":15}},"branchMap":{"0":{"loc":{"start":{"line":16,"column":4},"end":{"line":18,"column":5}},"type":"if","locations":[{"start":{"line":16,"column":4},"end":{"line":18,"column":5}},{"start":{},"end":{}}],"line":16}},"s":{"0":1,"1":1,"2":1,"3":1,"4":1,"5":1,"6":1,"7":0,"8":1},"f":{"0":1,"1":1,"2":1},"b":{"0":[1,0]},"_coverageSchema":"1a1c01bbd47fc00a2c39e90264f33305004495a9","hash":"bb4535c7b70e9eb024850d0f8229c44b5acd2575"}
,"/home/dart-racoon/Documents/GitHub/nodejs-homework-rest-api/model/contacts/contacts.js": {"path":"/home/dart-racoon/Documents/GitHub/nodejs-homework-rest-api/model/contacts/contacts.js","statementMap":{"0":{"start":{"line":1,"column":39},"end":{"line":1,"column":58}},"1":{"start":{"line":2,"column":25},"end":{"line":2,"column":56}},"2":{"start":{"line":4,"column":22},"end":{"line":26,"column":1}},"3":{"start":{"line":28,"column":0},"end":{"line":28,"column":39}},"4":{"start":{"line":30,"column":16},"end":{"line":30,"column":47}},"5":{"start":{"line":32,"column":0},"end":{"line":32,"column":25}}},"fnMap":{},"branchMap":{},"s":{"0":1,"1":1,"2":1,"3":1,"4":1,"5":1},"f":{},"b":{},"_coverageSchema":"1a1c01bbd47fc00a2c39e90264f33305004495a9","hash":"9b379c6c2119446cf46162d9270cf925ccb2dca8"}
,"/home/dart-racoon/Documents/GitHub/nodejs-homework-rest-api/model/contacts/index.js": {"path":"/home/dart-racoon/Documents/GitHub/nodejs-homework-rest-api/model/contacts/index.js","statementMap":{"0":{"start":{"line":1,"column":16},"end":{"line":1,"column":37}},"1":{"start":{"line":3,"column":21},"end":{"line":28,"column":1}},"2":{"start":{"line":4,"column":2},"end":{"line":27,"column":3}},"3":{"start":{"line":10,"column":53},"end":{"line":10,"column":58}},"4":{"start":{"line":12,"column":26},"end":{"line":12,"column":43}},"5":{"start":{"line":14,"column":4},"end":{"line":16,"column":5}},"6":{"start":{"line":15,"column":6},"end":{"line":15,"column":40}},"7":{"start":{"line":18,"column":20},"end":{"line":22,"column":6}},"8":{"start":{"line":24,"column":4},"end":{"line":24,"column":19}},"9":{"start":{"line":26,"column":4},"end":{"line":26,"column":32}},"10":{"start":{"line":30,"column":23},"end":{"line":41,"column":1}},"11":{"start":{"line":31,"column":2},"end":{"line":40,"column":3}},"12":{"start":{"line":32,"column":19},"end":{"line":35,"column":64}},"13":{"start":{"line":37,"column":4},"end":{"line":37,"column":18}},"14":{"start":{"line":39,"column":4},"end":{"line":39,"column":32}},"15":{"start":{"line":43,"column":22},"end":{"line":54,"column":1}},"16":{"start":{"line":44,"column":2},"end":{"line":53,"column":3}},"17":{"start":{"line":45,"column":19},"end":{"line":48,"column":6}},"18":{"start":{"line":50,"column":4},"end":{"line":50,"column":18}},"19":{"start":{"line":52,"column":4},"end":{"line":52,"column":32}},"20":{"start":{"line":56,"column":19},"end":{"line":64,"column":1}},"21":{"start":{"line":57,"column":2},"end":{"line":63,"column":3}},"22":{"start":{"line":58,"column":19},"end":{"line":58,"column":63}},"23":{"start":{"line":60,"column":4},"end":{"line":60,"column":18}},"24":{"start":{"line":62,"column":4},"end":{"line":62,"column":32}},"25":{"start":{"line":66,"column":22},"end":{"line":78,"column":1}},"26":{"start":{"line":67,"column":2},"end":{"line":77,"column":3}},"27":{"start":{"line":68,"column":19},"end":{"line":72,"column":5}},"28":{"start":{"line":74,"column":4},"end":{"line":74,"column":18}},"29":{"start":{"line":76,"column":4},"end":{"line":76,"column":32}},"30":{"start":{"line":80,"column":28},"end":{"line":92,"column":1}},"31":{"start":{"line":81,"column":2},"end":{"line":91,"column":3}},"32":{"start":{"line":82,"column":19},"end":{"line":86,"column":5}},"33":{"start":{"line":88,"column":4},"end":{"line":88,"column":18}},"34":{"start":{"line":90,"column":4},"end":{"line":90,"column":32}},"35":{"start":{"line":94,"column":0},"end":{"line":101,"column":2}}},"fnMap":{"0":{"name":"(anonymous_0)","decl":{"start":{"line":3,"column":21},"end":{"line":3,"column":22}},"loc":{"start":{"line":3,"column":46},"end":{"line":28,"column":1}},"line":3},"1":{"name":"(anonymous_1)","decl":{"start":{"line":30,"column":23},"end":{"line":30,"column":24}},"loc":{"start":{"line":30,"column":52},"end":{"line":41,"column":1}},"line":30},"2":{"name":"(anonymous_2)","decl":{"start":{"line":43,"column":22},"end":{"line":43,"column":23}},"loc":{"start":{"line":43,"column":51},"end":{"line":54,"column":1}},"line":43},"3":{"name":"(anonymous_3)","decl":{"start":{"line":56,"column":19},"end":{"line":56,"column":20}},"loc":{"start":{"line":56,"column":35},"end":{"line":64,"column":1}},"line":56},"4":{"name":"(anonymous_4)","decl":{"start":{"line":66,"column":22},"end":{"line":66,"column":23}},"loc":{"start":{"line":66,"column":57},"end":{"line":78,"column":1}},"line":66},"5":{"name":"(anonymous_5)","decl":{"start":{"line":80,"column":28},"end":{"line":80,"column":29}},"loc":{"start":{"line":80,"column":63},"end":{"line":92,"column":1}},"line":80}},"branchMap":{"0":{"loc":{"start":{"line":10,"column":12},"end":{"line":10,"column":21}},"type":"default-arg","locations":[{"start":{"line":10,"column":20},"end":{"line":10,"column":21}}],"line":10},"1":{"loc":{"start":{"line":10,"column":23},"end":{"line":10,"column":31}},"type":"default-arg","locations":[{"start":{"line":10,"column":30},"end":{"line":10,"column":31}}],"line":10},"2":{"loc":{"start":{"line":10,"column":33},"end":{"line":10,"column":48}},"type":"default-arg","locations":[{"start":{"line":10,"column":44},"end":{"line":10,"column":48}}],"line":10},"3":{"loc":{"start":{"line":14,"column":4},"end":{"line":16,"column":5}},"type":"if","locations":[{"start":{"line":14,"column":4},"end":{"line":16,"column":5}},{"start":{},"end":{}}],"line":14}},"s":{"0":1,"1":1,"2":0,"3":0,"4":0,"5":0,"6":0,"7":0,"8":0,"9":0,"10":1,"11":0,"12":0,"13":0,"14":0,"15":1,"16":0,"17":0,"18":0,"19":0,"20":1,"21":0,"22":0,"23":0,"24":0,"25":1,"26":0,"27":0,"28":0,"29":0,"30":1,"31":0,"32":0,"33":0,"34":0,"35":1},"f":{"0":0,"1":0,"2":0,"3":0,"4":0,"5":0},"b":{"0":[0],"1":[0],"2":[0],"3":[0,0]},"_coverageSchema":"1a1c01bbd47fc00a2c39e90264f33305004495a9","hash":"86ecae692a616c1288e151860bcf5768e899d4e5"}
,"/home/dart-racoon/Documents/GitHub/nodejs-homework-rest-api/model/users/index.js": {"path":"/home/dart-racoon/Documents/GitHub/nodejs-homework-rest-api/model/users/index.js","statementMap":{"0":{"start":{"line":1,"column":13},"end":{"line":1,"column":31}},"1":{"start":{"line":3,"column":17},"end":{"line":5,"column":1}},"2":{"start":{"line":4,"column":2},"end":{"line":4,"column":33}},"3":{"start":{"line":7,"column":20},"end":{"line":9,"column":1}},"4":{"start":{"line":8,"column":2},"end":{"line":8,"column":33}},"5":{"start":{"line":11,"column":20},"end":{"line":13,"column":1}},"6":{"start":{"line":12,"column":2},"end":{"line":12,"column":33}},"7":{"start":{"line":15,"column":15},"end":{"line":19,"column":1}},"8":{"start":{"line":16,"column":15},"end":{"line":16,"column":32}},"9":{"start":{"line":18,"column":2},"end":{"line":18,"column":27}},"10":{"start":{"line":21,"column":27},"end":{"line":33,"column":1}},"11":{"start":{"line":22,"column":2},"end":{"line":32,"column":3}},"12":{"start":{"line":23,"column":19},"end":{"line":27,"column":5}},"13":{"start":{"line":29,"column":4},"end":{"line":29,"column":18}},"14":{"start":{"line":31,"column":4},"end":{"line":31,"column":32}},"15":{"start":{"line":35,"column":20},"end":{"line":37,"column":1}},"16":{"start":{"line":36,"column":2},"end":{"line":36,"column":54}},"17":{"start":{"line":39,"column":21},"end":{"line":41,"column":1}},"18":{"start":{"line":40,"column":2},"end":{"line":40,"column":58}},"19":{"start":{"line":43,"column":0},"end":{"line":51,"column":2}}},"fnMap":{"0":{"name":"(anonymous_0)","decl":{"start":{"line":3,"column":17},"end":{"line":3,"column":18}},"loc":{"start":{"line":3,"column":31},"end":{"line":5,"column":1}},"line":3},"1":{"name":"(anonymous_1)","decl":{"start":{"line":7,"column":20},"end":{"line":7,"column":21}},"loc":{"start":{"line":7,"column":37},"end":{"line":9,"column":1}},"line":7},"2":{"name":"(anonymous_2)","decl":{"start":{"line":11,"column":20},"end":{"line":11,"column":21}},"loc":{"start":{"line":11,"column":37},"end":{"line":13,"column":1}},"line":11},"3":{"name":"(anonymous_3)","decl":{"start":{"line":15,"column":15},"end":{"line":15,"column":16}},"loc":{"start":{"line":15,"column":34},"end":{"line":19,"column":1}},"line":15},"4":{"name":"(anonymous_4)","decl":{"start":{"line":21,"column":27},"end":{"line":21,"column":28}},"loc":{"start":{"line":21,"column":50},"end":{"line":33,"column":1}},"line":21},"5":{"name":"(anonymous_5)","decl":{"start":{"line":35,"column":20},"end":{"line":35,"column":21}},"loc":{"start":{"line":35,"column":41},"end":{"line":37,"column":1}},"line":35},"6":{"name":"(anonymous_6)","decl":{"start":{"line":39,"column":21},"end":{"line":39,"column":22}},"loc":{"start":{"line":39,"column":46},"end":{"line":41,"column":1}},"line":39}},"branchMap":{},"s":{"0":2,"1":2,"2":1,"3":2,"4":3,"5":2,"6":0,"7":2,"8":1,"9":1,"10":2,"11":0,"12":0,"13":0,"14":0,"15":2,"16":1,"17":2,"18":1,"19":2},"f":{"0":1,"1":3,"2":0,"3":1,"4":0,"5":1,"6":1},"b":{},"_coverageSchema":"1a1c01bbd47fc00a2c39e90264f33305004495a9","hash":"5f430c26012c64d18b9df88931e71efe42f34adc"}
,"/home/dart-racoon/Documents/GitHub/nodejs-homework-rest-api/model/users/users.js": {"path":"/home/dart-racoon/Documents/GitHub/nodejs-homework-rest-api/model/users/users.js","statementMap":{"0":{"start":{"line":1,"column":26},"end":{"line":1,"column":45}},"1":{"start":{"line":2,"column":17},"end":{"line":2,"column":36}},"2":{"start":{"line":4,"column":15},"end":{"line":4,"column":34}},"3":{"start":{"line":6,"column":20},"end":{"line":6,"column":21}},"4":{"start":{"line":8,"column":19},"end":{"line":36,"column":1}},"5":{"start":{"line":31,"column":8},"end":{"line":31,"column":60}},"6":{"start":{"line":38,"column":0},"end":{"line":46,"column":3}},"7":{"start":{"line":39,"column":2},"end":{"line":43,"column":3}},"8":{"start":{"line":40,"column":17},"end":{"line":40,"column":50}},"9":{"start":{"line":42,"column":4},"end":{"line":42,"column":59}},"10":{"start":{"line":45,"column":2},"end":{"line":45,"column":9}},"11":{"start":{"line":48,"column":0},"end":{"line":50,"column":2}},"12":{"start":{"line":49,"column":2},"end":{"line":49,"column":49}},"13":{"start":{"line":52,"column":13},"end":{"line":52,"column":38}},"14":{"start":{"line":54,"column":0},"end":{"line":54,"column":22}}},"fnMap":{"0":{"name":"(anonymous_0)","decl":{"start":{"line":30,"column":15},"end":{"line":30,"column":16}},"loc":{"start":{"line":30,"column":27},"end":{"line":32,"column":7}},"line":30},"1":{"name":"(anonymous_1)","decl":{"start":{"line":38,"column":23},"end":{"line":38,"column":24}},"loc":{"start":{"line":38,"column":45},"end":{"line":46,"column":1}},"line":38},"2":{"name":"(anonymous_2)","decl":{"start":{"line":48,"column":37},"end":{"line":48,"column":38}},"loc":{"start":{"line":48,"column":63},"end":{"line":50,"column":1}},"line":48}},"branchMap":{"0":{"loc":{"start":{"line":39,"column":2},"end":{"line":43,"column":3}},"type":"if","locations":[{"start":{"line":39,"column":2},"end":{"line":43,"column":3}},{"start":{},"end":{}}],"line":39}},"s":{"0":2,"1":2,"2":2,"3":2,"4":2,"5":1,"6":2,"7":1,"8":1,"9":1,"10":1,"11":2,"12":1,"13":2,"14":2},"f":{"0":1,"1":1,"2":1},"b":{"0":[1,0]},"_coverageSchema":"1a1c01bbd47fc00a2c39e90264f33305004495a9","hash":"1fca415413ac3d42dfce45ef8183003833a96e69"}
,"/home/dart-racoon/Documents/GitHub/nodejs-homework-rest-api/routes/api/contacts.js": {"path":"/home/dart-racoon/Documents/GitHub/nodejs-homework-rest-api/routes/api/contacts.js","statementMap":{"0":{"start":{"line":1,"column":16},"end":{"line":1,"column":34}},"1":{"start":{"line":2,"column":15},"end":{"line":2,"column":31}},"2":{"start":{"line":8,"column":4},"end":{"line":8,"column":27}},"3":{"start":{"line":17,"column":4},"end":{"line":17,"column":41}},"4":{"start":{"line":19,"column":14},"end":{"line":19,"column":44}},"5":{"start":{"line":21,"column":0},"end":{"line":31,"column":3}},"6":{"start":{"line":22,"column":2},"end":{"line":30,"column":3}},"7":{"start":{"line":23,"column":19},"end":{"line":23,"column":31}},"8":{"start":{"line":25,"column":17},"end":{"line":25,"column":54}},"9":{"start":{"line":27,"column":4},"end":{"line":27,"column":73}},"10":{"start":{"line":29,"column":4},"end":{"line":29,"column":16}},"11":{"start":{"line":33,"column":0},"end":{"line":47,"column":3}},"12":{"start":{"line":34,"column":2},"end":{"line":46,"column":3}},"13":{"start":{"line":35,"column":19},"end":{"line":35,"column":31}},"14":{"start":{"line":37,"column":20},"end":{"line":37,"column":70}},"15":{"start":{"line":39,"column":4},"end":{"line":41,"column":5}},"16":{"start":{"line":40,"column":6},"end":{"line":40,"column":75}},"17":{"start":{"line":43,"column":4},"end":{"line":43,"column":18}},"18":{"start":{"line":45,"column":4},"end":{"line":45,"column":16}},"19":{"start":{"line":49,"column":0},"end":{"line":61,"column":3}},"20":{"start":{"line":50,"column":2},"end":{"line":60,"column":3}},"21":{"start":{"line":51,"column":19},"end":{"line":51,"column":31}},"22":{"start":{"line":53,"column":23},"end":{"line":53,"column":71}},"23":{"start":{"line":55,"column":4},"end":{"line":57,"column":68}},"24":{"start":{"line":59,"column":4},"end":{"line":59,"column":16}},"25":{"start":{"line":63,"column":0},"end":{"line":81,"column":3}},"26":{"start":{"line":64,"column":2},"end":{"line":80,"column":3}},"27":{"start":{"line":65,"column":19},"end":{"line":65,"column":31}},"28":{"start":{"line":67,"column":22},"end":{"line":67,"column":71}},"29":{"start":{"line":69,"column":4},"end":{"line":75,"column":5}},"30":{"start":{"line":70,"column":6},"end":{"line":74,"column":9}},"31":{"start":{"line":77,"column":4},"end":{"line":77,"column":18}},"32":{"start":{"line":79,"column":4},"end":{"line":79,"column":16}},"33":{"start":{"line":83,"column":0},"end":{"line":101,"column":3}},"34":{"start":{"line":84,"column":2},"end":{"line":100,"column":3}},"35":{"start":{"line":85,"column":19},"end":{"line":85,"column":31}},"36":{"start":{"line":87,"column":23},"end":{"line":91,"column":5}},"37":{"start":{"line":93,"column":4},"end":{"line":95,"column":5}},"38":{"start":{"line":94,"column":6},"end":{"line":94,"column":78}},"39":{"start":{"line":97,"column":4},"end":{"line":97,"column":18}},"40":{"start":{"line":99,"column":4},"end":{"line":99,"column":16}},"41":{"start":{"line":103,"column":0},"end":{"line":126,"column":2}},"42":{"start":{"line":108,"column":4},"end":{"line":124,"column":5}},"43":{"start":{"line":109,"column":21},"end":{"line":109,"column":33}},"44":{"start":{"line":111,"column":22},"end":{"line":115,"column":7}},"45":{"start":{"line":117,"column":6},"end":{"line":119,"column":7}},"46":{"start":{"line":118,"column":8},"end":{"line":118,"column":77}},"47":{"start":{"line":121,"column":6},"end":{"line":121,"column":20}},"48":{"start":{"line":123,"column":6},"end":{"line":123,"column":18}},"49":{"start":{"line":128,"column":0},"end":{"line":128,"column":24}}},"fnMap":{"0":{"name":"(anonymous_0)","decl":{"start":{"line":21,"column":23},"end":{"line":21,"column":24}},"loc":{"start":{"line":21,"column":49},"end":{"line":31,"column":1}},"line":21},"1":{"name":"(anonymous_1)","decl":{"start":{"line":33,"column":33},"end":{"line":33,"column":34}},"loc":{"start":{"line":33,"column":59},"end":{"line":47,"column":1}},"line":33},"2":{"name":"(anonymous_2)","decl":{"start":{"line":49,"column":40},"end":{"line":49,"column":41}},"loc":{"start":{"line":49,"column":66},"end":{"line":61,"column":1}},"line":49},"3":{"name":"(anonymous_3)","decl":{"start":{"line":63,"column":36},"end":{"line":63,"column":37}},"loc":{"start":{"line":63,"column":62},"end":{"line":81,"column":1}},"line":63},"4":{"name":"(anonymous_4)","decl":{"start":{"line":83,"column":52},"end":{"line":83,"column":53}},"loc":{"start":{"line":83,"column":78},"end":{"line":101,"column":1}},"line":83},"5":{"name":"(anonymous_5)","decl":{"start":{"line":107,"column":2},"end":{"line":107,"column":3}},"loc":{"start":{"line":107,"column":28},"end":{"line":125,"column":3}},"line":107}},"branchMap":{"0":{"loc":{"start":{"line":39,"column":4},"end":{"line":41,"column":5}},"type":"if","locations":[{"start":{"line":39,"column":4},"end":{"line":41,"column":5}},{"start":{},"end":{}}],"line":39},"1":{"loc":{"start":{"line":69,"column":4},"end":{"line":75,"column":5}},"type":"if","locations":[{"start":{"line":69,"column":4},"end":{"line":75,"column":5}},{"start":{},"end":{}}],"line":69},"2":{"loc":{"start":{"line":93,"column":4},"end":{"line":95,"column":5}},"type":"if","locations":[{"start":{"line":93,"column":4},"end":{"line":95,"column":5}},{"start":{},"end":{}}],"line":93},"3":{"loc":{"start":{"line":117,"column":6},"end":{"line":119,"column":7}},"type":"if","locations":[{"start":{"line":117,"column":6},"end":{"line":119,"column":7}},{"start":{},"end":{}}],"line":117}},"s":{"0":1,"1":1,"2":1,"3":1,"4":1,"5":1,"6":0,"7":0,"8":0,"9":0,"10":0,"11":1,"12":0,"13":0,"14":0,"15":0,"16":0,"17":0,"18":0,"19":1,"20":0,"21":0,"22":0,"23":0,"24":0,"25":1,"26":0,"27":0,"28":0,"29":0,"30":0,"31":0,"32":0,"33":1,"34":0,"35":0,"36":0,"37":0,"38":0,"39":0,"40":0,"41":1,"42":0,"43":0,"44":0,"45":0,"46":0,"47":0,"48":0,"49":1},"f":{"0":0,"1":0,"2":0,"3":0,"4":0,"5":0},"b":{"0":[0,0],"1":[0,0],"2":[0,0],"3":[0,0]},"_coverageSchema":"1a1c01bbd47fc00a2c39e90264f33305004495a9","hash":"979cfe447aa54bf25562db637e5584816eda0044"}
,"/home/dart-racoon/Documents/GitHub/nodejs-homework-rest-api/routes/api/users.js": {"path":"/home/dart-racoon/Documents/GitHub/nodejs-homework-rest-api/routes/api/users.js","statementMap":{"0":{"start":{"line":1,"column":16},"end":{"line":1,"column":34}},"1":{"start":{"line":2,"column":15},"end":{"line":2,"column":31}},"2":{"start":{"line":3,"column":12},"end":{"line":3,"column":35}},"3":{"start":{"line":4,"column":13},"end":{"line":4,"column":28}},"4":{"start":{"line":5,"column":15},"end":{"line":5,"column":32}},"5":{"start":{"line":7,"column":0},"end":{"line":7,"column":27}},"6":{"start":{"line":9,"column":51},"end":{"line":9,"column":74}},"7":{"start":{"line":11,"column":15},"end":{"line":11,"column":47}},"8":{"start":{"line":12,"column":19},"end":{"line":12,"column":56}},"9":{"start":{"line":21,"column":4},"end":{"line":21,"column":38}},"10":{"start":{"line":23,"column":21},"end":{"line":23,"column":54}},"11":{"start":{"line":24,"column":14},"end":{"line":24,"column":44}},"12":{"start":{"line":26,"column":0},"end":{"line":58,"column":3}},"13":{"start":{"line":27,"column":2},"end":{"line":57,"column":3}},"14":{"start":{"line":28,"column":32},"end":{"line":28,"column":40}},"15":{"start":{"line":30,"column":17},"end":{"line":30,"column":41}},"16":{"start":{"line":32,"column":4},"end":{"line":38,"column":5}},"17":{"start":{"line":33,"column":6},"end":{"line":37,"column":9}},"18":{"start":{"line":40,"column":20},"end":{"line":40,"column":53}},"19":{"start":{"line":42,"column":4},"end":{"line":42,"column":32}},"20":{"start":{"line":44,"column":4},"end":{"line":54,"column":7}},"21":{"start":{"line":56,"column":4},"end":{"line":56,"column":16}},"22":{"start":{"line":60,"column":0},"end":{"line":98,"column":3}},"23":{"start":{"line":61,"column":2},"end":{"line":97,"column":3}},"24":{"start":{"line":62,"column":32},"end":{"line":62,"column":40}},"25":{"start":{"line":64,"column":17},"end":{"line":64,"column":41}},"26":{"start":{"line":66,"column":28},"end":{"line":66,"column":65}},"27":{"start":{"line":68,"column":4},"end":{"line":74,"column":5}},"28":{"start":{"line":69,"column":6},"end":{"line":73,"column":9}},"29":{"start":{"line":76,"column":15},"end":{"line":76,"column":23}},"30":{"start":{"line":78,"column":20},"end":{"line":78,"column":26}},"31":{"start":{"line":80,"column":18},"end":{"line":80,"column":77}},"32":{"start":{"line":82,"column":4},"end":{"line":82,"column":33}},"33":{"start":{"line":84,"column":4},"end":{"line":94,"column":7}},"34":{"start":{"line":96,"column":4},"end":{"line":96,"column":16}},"35":{"start":{"line":100,"column":0},"end":{"line":106,"column":3}},"36":{"start":{"line":101,"column":13},"end":{"line":101,"column":25}},"37":{"start":{"line":103,"column":2},"end":{"line":103,"column":30}},"38":{"start":{"line":105,"column":2},"end":{"line":105,"column":48}},"39":{"start":{"line":108,"column":0},"end":{"line":120,"column":3}},"40":{"start":{"line":109,"column":15},"end":{"line":109,"column":48}},"41":{"start":{"line":111,"column":2},"end":{"line":117,"column":3}},"42":{"start":{"line":112,"column":4},"end":{"line":116,"column":7}},"43":{"start":{"line":119,"column":2},"end":{"line":119,"column":9}},"44":{"start":{"line":122,"column":0},"end":{"line":134,"column":3}},"45":{"start":{"line":123,"column":15},"end":{"line":123,"column":65}},"46":{"start":{"line":125,"column":2},"end":{"line":131,"column":3}},"47":{"start":{"line":126,"column":4},"end":{"line":130,"column":7}},"48":{"start":{"line":133,"column":2},"end":{"line":133,"column":9}},"49":{"start":{"line":136,"column":0},"end":{"line":164,"column":2}},"50":{"start":{"line":141,"column":15},"end":{"line":141,"column":35}},"51":{"start":{"line":143,"column":4},"end":{"line":143,"column":20}},"52":{"start":{"line":145,"column":17},"end":{"line":145,"column":25}},"53":{"start":{"line":147,"column":24},"end":{"line":147,"column":55}},"54":{"start":{"line":148,"column":4},"end":{"line":148,"column":30}},"55":{"start":{"line":150,"column":26},"end":{"line":150,"column":53}},"56":{"start":{"line":152,"column":16},"end":{"line":152,"column":50}},"57":{"start":{"line":154,"column":4},"end":{"line":154,"column":32}},"58":{"start":{"line":156,"column":4},"end":{"line":162,"column":7}},"59":{"start":{"line":166,"column":0},"end":{"line":166,"column":24}}},"fnMap":{"0":{"name":"(anonymous_0)","decl":{"start":{"line":26,"column":39},"end":{"line":26,"column":40}},"loc":{"start":{"line":26,"column":65},"end":{"line":58,"column":1}},"line":26},"1":{"name":"(anonymous_1)","decl":{"start":{"line":60,"column":38},"end":{"line":60,"column":39}},"loc":{"start":{"line":60,"column":64},"end":{"line":98,"column":1}},"line":60},"2":{"name":"(anonymous_2)","decl":{"start":{"line":100,"column":30},"end":{"line":100,"column":31}},"loc":{"start":{"line":100,"column":56},"end":{"line":106,"column":1}},"line":100},"3":{"name":"(anonymous_3)","decl":{"start":{"line":108,"column":30},"end":{"line":108,"column":31}},"loc":{"start":{"line":108,"column":56},"end":{"line":120,"column":1}},"line":108},"4":{"name":"(anonymous_4)","decl":{"start":{"line":122,"column":49},"end":{"line":122,"column":50}},"loc":{"start":{"line":122,"column":75},"end":{"line":134,"column":1}},"line":122},"5":{"name":"(anonymous_5)","decl":{"start":{"line":140,"column":2},"end":{"line":140,"column":3}},"loc":{"start":{"line":140,"column":28},"end":{"line":163,"column":3}},"line":140}},"branchMap":{"0":{"loc":{"start":{"line":32,"column":4},"end":{"line":38,"column":5}},"type":"if","locations":[{"start":{"line":32,"column":4},"end":{"line":38,"column":5}},{"start":{},"end":{}}],"line":32},"1":{"loc":{"start":{"line":68,"column":4},"end":{"line":74,"column":5}},"type":"if","locations":[{"start":{"line":68,"column":4},"end":{"line":74,"column":5}},{"start":{},"end":{}}],"line":68},"2":{"loc":{"start":{"line":68,"column":8},"end":{"line":68,"column":33}},"type":"binary-expr","locations":[{"start":{"line":68,"column":8},"end":{"line":68,"column":13}},{"start":{"line":68,"column":17},"end":{"line":68,"column":33}}],"line":68},"3":{"loc":{"start":{"line":111,"column":2},"end":{"line":117,"column":3}},"type":"if","locations":[{"start":{"line":111,"column":2},"end":{"line":117,"column":3}},{"start":{},"end":{}}],"line":111},"4":{"loc":{"start":{"line":125,"column":2},"end":{"line":131,"column":3}},"type":"if","locations":[{"start":{"line":125,"column":2},"end":{"line":131,"column":3}},{"start":{},"end":{}}],"line":125}},"s":{"0":1,"1":1,"2":1,"3":1,"4":1,"5":1,"6":1,"7":1,"8":1,"9":1,"10":1,"11":1,"12":1,"13":2,"14":2,"15":2,"16":2,"17":1,"18":1,"19":1,"20":1,"21":0,"22":1,"23":1,"24":1,"25":1,"26":1,"27":1,"28":0,"29":1,"30":1,"31":1,"32":1,"33":1,"34":0,"35":1,"36":0,"37":0,"38":0,"39":1,"40":0,"41":0,"42":0,"43":0,"44":1,"45":0,"46":0,"47":0,"48":0,"49":1,"50":1,"51":1,"52":1,"53":1,"54":1,"55":1,"56":1,"57":1,"58":1,"59":1},"f":{"0":2,"1":1,"2":0,"3":0,"4":0,"5":1},"b":{"0":[1,1],"1":[0,1],"2":[1,1],"3":[0,0],"4":[0,0]},"_coverageSchema":"1a1c01bbd47fc00a2c39e90264f33305004495a9","hash":"de9fcaf98f0db6a88215b6f1610c3ac508a59fa7"}
,"/home/dart-racoon/Documents/GitHub/nodejs-homework-rest-api/routes/api/validation.js": {"path":"/home/dart-racoon/Documents/GitHub/nodejs-homework-rest-api/routes/api/validation.js","statementMap":{"0":{"start":{"line":1,"column":12},"end":{"line":1,"column":26}},"1":{"start":{"line":3,"column":23},"end":{"line":18,"column":1}},"2":{"start":{"line":4,"column":2},"end":{"line":17,"column":3}},"3":{"start":{"line":5,"column":23},"end":{"line":10,"column":6}},"4":{"start":{"line":12,"column":4},"end":{"line":12,"column":45}},"5":{"start":{"line":14,"column":4},"end":{"line":14,"column":18}},"6":{"start":{"line":16,"column":4},"end":{"line":16,"column":16}},"7":{"start":{"line":20,"column":24},"end":{"line":35,"column":1}},"8":{"start":{"line":21,"column":2},"end":{"line":34,"column":3}},"9":{"start":{"line":22,"column":24},"end":{"line":27,"column":47}},"10":{"start":{"line":29,"column":4},"end":{"line":29,"column":46}},"11":{"start":{"line":31,"column":4},"end":{"line":31,"column":18}},"12":{"start":{"line":33,"column":4},"end":{"line":33,"column":16}},"13":{"start":{"line":37,"column":25},"end":{"line":51,"column":1}},"14":{"start":{"line":38,"column":2},"end":{"line":50,"column":3}},"15":{"start":{"line":39,"column":25},"end":{"line":43,"column":6}},"16":{"start":{"line":45,"column":4},"end":{"line":45,"column":47}},"17":{"start":{"line":47,"column":4},"end":{"line":47,"column":18}},"18":{"start":{"line":49,"column":4},"end":{"line":49,"column":16}},"19":{"start":{"line":53,"column":23},"end":{"line":66,"column":1}},"20":{"start":{"line":54,"column":2},"end":{"line":65,"column":3}},"21":{"start":{"line":55,"column":23},"end":{"line":58,"column":6}},"22":{"start":{"line":60,"column":4},"end":{"line":60,"column":45}},"23":{"start":{"line":62,"column":4},"end":{"line":62,"column":18}},"24":{"start":{"line":64,"column":4},"end":{"line":64,"column":16}},"25":{"start":{"line":68,"column":31},"end":{"line":80,"column":1}},"26":{"start":{"line":69,"column":2},"end":{"line":79,"column":3}},"27":{"start":{"line":70,"column":31},"end":{"line":72,"column":6}},"28":{"start":{"line":74,"column":4},"end":{"line":74,"column":53}},"29":{"start":{"line":76,"column":4},"end":{"line":76,"column":18}},"30":{"start":{"line":78,"column":4},"end":{"line":78,"column":16}},"31":{"start":{"line":82,"column":0},"end":{"line":88,"column":2}}},"fnMap":{"0":{"name":"(anonymous_0)","decl":{"start":{"line":3,"column":23},"end":{"line":3,"column":24}},"loc":{"start":{"line":3,"column":50},"end":{"line":18,"column":1}},"line":3},"1":{"name":"(anonymous_1)","decl":{"start":{"line":20,"column":24},"end":{"line":20,"column":25}},"loc":{"start":{"line":20,"column":51},"end":{"line":35,"column":1}},"line":20},"2":{"name":"(anonymous_2)","decl":{"start":{"line":37,"column":25},"end":{"line":37,"column":26}},"loc":{"start":{"line":37,"column":52},"end":{"line":51,"column":1}},"line":37},"3":{"name":"(anonymous_3)","decl":{"start":{"line":53,"column":23},"end":{"line":53,"column":24}},"loc":{"start":{"line":53,"column":50},"end":{"line":66,"column":1}},"line":53},"4":{"name":"(anonymous_4)","decl":{"start":{"line":68,"column":31},"end":{"line":68,"column":32}},"loc":{"start":{"line":68,"column":58},"end":{"line":80,"column":1}},"line":68}},"branchMap":{},"s":{"0":1,"1":1,"2":0,"3":0,"4":0,"5":0,"6":0,"7":1,"8":0,"9":0,"10":0,"11":0,"12":0,"13":1,"14":0,"15":0,"16":0,"17":0,"18":0,"19":1,"20":3,"21":3,"22":3,"23":3,"24":0,"25":1,"26":0,"27":0,"28":0,"29":0,"30":0,"31":1},"f":{"0":0,"1":0,"2":0,"3":3,"4":0},"b":{},"_coverageSchema":"1a1c01bbd47fc00a2c39e90264f33305004495a9","hash":"a82941571a728260369904f4d3bd1dca28f16574"}
,"/home/dart-racoon/Documents/GitHub/nodejs-homework-rest-api/services/file-upload.js": {"path":"/home/dart-racoon/Documents/GitHub/nodejs-homework-rest-api/services/file-upload.js","statementMap":{"0":{"start":{"line":1,"column":13},"end":{"line":1,"column":28}},"1":{"start":{"line":2,"column":11},"end":{"line":2,"column":33}},"2":{"start":{"line":3,"column":13},"end":{"line":3,"column":28}},"3":{"start":{"line":7,"column":4},"end":{"line":7,"column":35}},"4":{"start":{"line":11,"column":16},"end":{"line":11,"column":35}},"5":{"start":{"line":13,"column":4},"end":{"line":22,"column":28}},"6":{"start":{"line":26,"column":4},"end":{"line":26,"column":42}},"7":{"start":{"line":28,"column":4},"end":{"line":28,"column":75}},"8":{"start":{"line":30,"column":4},"end":{"line":30,"column":72}},"9":{"start":{"line":34,"column":0},"end":{"line":34,"column":34}}},"fnMap":{"0":{"name":"(anonymous_0)","decl":{"start":{"line":6,"column":2},"end":{"line":6,"column":3}},"loc":{"start":{"line":6,"column":27},"end":{"line":8,"column":3}},"line":6},"1":{"name":"(anonymous_1)","decl":{"start":{"line":10,"column":2},"end":{"line":10,"column":3}},"loc":{"start":{"line":10,"column":34},"end":{"line":23,"column":3}},"line":10},"2":{"name":"(anonymous_2)","decl":{"start":{"line":25,"column":2},"end":{"line":25,"column":3}},"loc":{"start":{"line":25,"column":27},"end":{"line":31,"column":3}},"line":25}},"branchMap":{},"s":{"0":1,"1":1,"2":1,"3":1,"4":1,"5":1,"6":1,"7":1,"8":1,"9":1},"f":{"0":1,"1":1,"2":1},"b":{},"_coverageSchema":"1a1c01bbd47fc00a2c39e90264f33305004495a9","hash":"dc5837236eb361760680b001539a5363aa80c49d"}
}
