TN:
SF:app.js
FN:24,(anonymous_0)
FN:28,(anonymous_1)
FNF:2
FNH:0
FNDA:0,(anonymous_0)
FNDA:0,(anonymous_1)
DA:1,1
DA:2,1
DA:3,1
DA:4,1
DA:6,1
DA:7,1
DA:9,1
DA:11,1
DA:13,1
DA:15,1
DA:17,1
DA:18,1
DA:19,1
DA:21,1
DA:22,1
DA:24,1
DA:25,0
DA:28,1
DA:29,0
DA:30,0
DA:37,0
DA:39,0
DA:42,1
LF:23
LH:18
BRDA:11,0,0,0
BRDA:11,0,1,1
BRDA:29,1,0,0
BRDA:29,1,1,0
BRF:4
BRH:1
end_of_record
TN:
SF:jest.config.js
FNF:0
FNH:0
DA:1,1
LF:1
LH:1
BRF:0
BRH:0
end_of_record
TN:
SF:config/constants.js
FNF:0
FNH:0
DA:1,2
DA:14,2
LF:2
LH:2
BRF:0
BRH:0
end_of_record
TN:
SF:config/db.js
FN:17,(anonymous_0)
FN:21,(anonymous_1)
FN:25,(anonymous_2)
FNF:3
FNH:1
FNDA:1,(anonymous_0)
FNDA:0,(anonymous_1)
FNDA:0,(anonymous_2)
DA:1,1
DA:2,1
DA:6,1
DA:7,1
DA:9,0
DA:12,1
DA:17,1
DA:18,1
DA:21,1
DA:22,0
DA:25,1
DA:26,0
DA:27,0
DA:28,0
DA:31,1
LF:15
LH:10
BRDA:6,0,0,1
BRDA:6,0,1,0
BRF:2
BRH:1
end_of_record
TN:
SF:config/passport.js
FN:12,(anonymous_0)
FNF:1
FNH:1
FNDA:1,(anonymous_0)
DA:1,2
DA:2,2
DA:3,2
DA:4,2
DA:6,2
DA:11,2
DA:13,1
DA:14,1
DA:16,1
DA:17,0
DA:20,1
DA:21,0
DA:24,1
DA:26,0
LF:14
LH:11
BRDA:16,0,0,0
BRDA:16,0,1,1
BRDA:20,1,0,0
BRDA:20,1,1,1
BRF:4
BRH:2
end_of_record
TN:
SF:helpers/guard.js
FN:5,(anonymous_0)
FN:6,(anonymous_1)
FNF:2
FNH:2
FNDA:4,(anonymous_0)
FNDA:4,(anonymous_1)
DA:1,2
DA:2,2
DA:3,2
DA:5,2
DA:6,4
DA:7,4
DA:9,4
DA:10,2
DA:17,2
DA:19,2
DA:23,2
LF:11
LH:11
BRDA:9,0,0,2
BRDA:9,0,1,2
BRDA:9,1,0,4
BRDA:9,1,1,3
BRDA:9,1,2,3
BRF:5
BRH:5
end_of_record
TN:
SF:helpers/uploads.js
FN:4,(anonymous_0)
FN:7,(anonymous_1)
FN:15,(anonymous_2)
FNF:3
FNH:3
FNDA:1,(anonymous_0)
FNDA:1,(anonymous_1)
FNDA:1,(anonymous_2)
DA:1,1
DA:3,1
DA:5,1
DA:8,1
DA:12,1
DA:16,1
DA:17,1
DA:20,0
DA:24,1
LF:9
LH:8
BRDA:16,0,0,1
BRDA:16,0,1,0
BRF:2
BRH:1
end_of_record
TN:
SF:model/contacts/contacts.js
FNF:0
FNH:0
DA:1,1
DA:2,1
DA:4,1
DA:28,1
DA:30,1
DA:32,1
LF:6
LH:6
BRF:0
BRH:0
end_of_record
TN:
SF:model/contacts/index.js
FN:3,(anonymous_0)
FN:30,(anonymous_1)
FN:43,(anonymous_2)
FN:56,(anonymous_3)
FN:66,(anonymous_4)
FN:80,(anonymous_5)
FNF:6
FNH:0
FNDA:0,(anonymous_0)
FNDA:0,(anonymous_1)
FNDA:0,(anonymous_2)
FNDA:0,(anonymous_3)
FNDA:0,(anonymous_4)
FNDA:0,(anonymous_5)
DA:1,1
DA:3,1
DA:4,0
DA:10,0
DA:12,0
DA:14,0
DA:15,0
DA:18,0
DA:24,0
DA:26,0
DA:30,1
DA:31,0
DA:32,0
DA:37,0
DA:39,0
DA:43,1
DA:44,0
DA:45,0
DA:50,0
DA:52,0
DA:56,1
DA:57,0
DA:58,0
DA:60,0
DA:62,0
DA:66,1
DA:67,0
DA:68,0
DA:74,0
DA:76,0
DA:80,1
DA:81,0
DA:82,0
DA:88,0
DA:90,0
DA:94,1
LF:36
LH:8
BRDA:10,0,0,0
BRDA:10,1,0,0
BRDA:10,2,0,0
BRDA:14,3,0,0
BRDA:14,3,1,0
BRF:5
BRH:0
end_of_record
TN:
SF:model/users/index.js
FN:3,(anonymous_0)
FN:7,(anonymous_1)
FN:11,(anonymous_2)
FN:15,(anonymous_3)
FN:21,(anonymous_4)
FN:35,(anonymous_5)
FN:39,(anonymous_6)
FNF:7
FNH:5
FNDA:1,(anonymous_0)
FNDA:3,(anonymous_1)
FNDA:0,(anonymous_2)
FNDA:1,(anonymous_3)
FNDA:0,(anonymous_4)
FNDA:1,(anonymous_5)
FNDA:1,(anonymous_6)
DA:1,2
DA:3,2
DA:4,1
DA:7,2
DA:8,3
DA:11,2
DA:12,0
DA:15,2
DA:16,1
DA:18,1
DA:21,2
DA:22,0
DA:23,0
DA:29,0
DA:31,0
DA:35,2
DA:36,1
DA:39,2
DA:40,1
DA:43,2
LF:20
LH:15
BRF:0
BRH:0
end_of_record
TN:
SF:model/users/users.js
FN:30,(anonymous_0)
FN:38,(anonymous_1)
FN:48,(anonymous_2)
FNF:3
FNH:3
FNDA:1,(anonymous_0)
FNDA:1,(anonymous_1)
FNDA:1,(anonymous_2)
DA:1,2
DA:2,2
DA:4,2
DA:6,2
DA:8,2
DA:31,1
DA:38,2
DA:39,1
DA:40,1
DA:42,1
DA:45,1
DA:48,2
DA:49,1
DA:52,2
DA:54,2
LF:15
LH:15
BRDA:39,0,0,1
BRDA:39,0,1,0
BRF:2
BRH:1
end_of_record
TN:
SF:routes/api/contacts.js
FN:21,(anonymous_0)
FN:33,(anonymous_1)
FN:49,(anonymous_2)
FN:63,(anonymous_3)
FN:83,(anonymous_4)
FN:107,(anonymous_5)
FNF:6
FNH:0
FNDA:0,(anonymous_0)
FNDA:0,(anonymous_1)
FNDA:0,(anonymous_2)
FNDA:0,(anonymous_3)
FNDA:0,(anonymous_4)
FNDA:0,(anonymous_5)
DA:1,1
DA:2,1
DA:8,1
DA:17,1
DA:19,1
DA:21,1
DA:22,0
DA:23,0
DA:25,0
DA:27,0
DA:29,0
DA:33,1
DA:34,0
DA:35,0
DA:37,0
DA:39,0
DA:40,0
DA:43,0
DA:45,0
DA:49,1
DA:50,0
DA:51,0
DA:53,0
DA:55,0
DA:59,0
DA:63,1
DA:64,0
DA:65,0
DA:67,0
DA:69,0
DA:70,0
DA:77,0
DA:79,0
DA:83,1
DA:84,0
DA:85,0
DA:87,0
DA:93,0
DA:94,0
DA:97,0
DA:99,0
DA:103,1
DA:108,0
DA:109,0
DA:111,0
DA:117,0
DA:118,0
DA:121,0
DA:123,0
DA:128,1
LF:50
LH:12
BRDA:39,0,0,0
BRDA:39,0,1,0
BRDA:69,1,0,0
BRDA:69,1,1,0
BRDA:93,2,0,0
BRDA:93,2,1,0
BRDA:117,3,0,0
BRDA:117,3,1,0
BRF:8
BRH:0
end_of_record
TN:
SF:routes/api/users.js
FN:26,(anonymous_0)
FN:60,(anonymous_1)
FN:100,(anonymous_2)
FN:108,(anonymous_3)
FN:122,(anonymous_4)
FN:140,(anonymous_5)
FNF:6
FNH:3
FNDA:2,(anonymous_0)
FNDA:1,(anonymous_1)
FNDA:0,(anonymous_2)
FNDA:0,(anonymous_3)
FNDA:0,(anonymous_4)
FNDA:1,(anonymous_5)
DA:1,1
DA:2,1
DA:3,1
DA:4,1
DA:5,1
DA:7,1
DA:9,1
DA:11,1
DA:12,1
DA:21,1
DA:23,1
DA:24,1
DA:26,1
DA:27,2
DA:28,2
DA:30,2
DA:32,2
DA:33,1
DA:40,1
DA:42,1
DA:44,1
DA:56,0
DA:60,1
DA:61,1
DA:62,1
DA:64,1
DA:66,1
DA:68,1
DA:69,0
DA:76,1
DA:78,1
DA:80,1
DA:82,1
DA:84,1
DA:96,0
DA:100,1
DA:101,0
DA:103,0
DA:105,0
DA:108,1
DA:109,0
DA:111,0
DA:112,0
DA:119,0
DA:122,1
DA:123,0
DA:125,0
DA:126,0
DA:133,0
DA:136,1
DA:141,1
DA:143,1
DA:145,1
DA:147,1
DA:148,1
DA:150,1
DA:152,1
DA:154,1
DA:156,1
DA:166,1
LF:60
LH:46
BRDA:32,0,0,1
BRDA:32,0,1,1
BRDA:68,1,0,0
BRDA:68,1,1,1
BRDA:68,2,0,1
BRDA:68,2,1,1
BRDA:111,3,0,0
BRDA:111,3,1,0
BRDA:125,4,0,0
BRDA:125,4,1,0
BRF:10
BRH:5
end_of_record
TN:
SF:routes/api/validation.js
FN:3,(anonymous_0)
FN:20,(anonymous_1)
FN:37,(anonymous_2)
FN:53,(anonymous_3)
FN:68,(anonymous_4)
FNF:5
FNH:1
FNDA:0,(anonymous_0)
FNDA:0,(anonymous_1)
FNDA:0,(anonymous_2)
FNDA:3,(anonymous_3)
FNDA:0,(anonymous_4)
DA:1,1
DA:3,1
DA:4,0
DA:5,0
DA:12,0
DA:14,0
DA:16,0
DA:20,1
DA:21,0
DA:22,0
DA:29,0
DA:31,0
DA:33,0
DA:37,1
DA:38,0
DA:39,0
DA:45,0
DA:47,0
DA:49,0
DA:53,1
DA:54,3
DA:55,3
DA:60,3
DA:62,3
DA:64,0
DA:68,1
DA:69,0
DA:70,0
DA:74,0
DA:76,0
DA:78,0
DA:82,1
LF:32
LH:11
BRF:0
BRH:0
end_of_record
TN:
SF:services/file-upload.js
FN:6,(anonymous_0)
FN:10,(anonymous_1)
FN:25,(anonymous_2)
FNF:3
FNH:3
FNDA:1,(anonymous_0)
FNDA:1,(anonymous_1)
FNDA:1,(anonymous_2)
DA:1,1
DA:2,1
DA:3,1
DA:7,1
DA:11,1
DA:13,1
DA:26,1
DA:28,1
DA:30,1
DA:34,1
LF:10
LH:10
BRF:0
BRH:0
end_of_record
